2026-04-22 22:09:44 - INFO - Experiment directory created at ./exp-results/3rscan_split/2026-04-22_22-09-44
2026-04-22 22:09:44 - INFO - Training config: {
    "seed": 42,
    "device": 0,
    "pp_threshold": 0.3,
    "object_threshold": 0.2,
    "vis_det": false,
    "eval_split": "test",
    "train_split": "train",
    "output_dir": "./exp-results/3rscan_split/2026-04-22_22-09-44",
    "output_file": "train",
    "learning_rate": 2e-05,
    "num_epochs": 10000,
    "num_workers": 8,
    "train_bs": 384,
    "eval_bs": 64,
    "bs_video": 6,
    "eval_step": 100,
    "log_every": 1,
    "chkpt_every": 300,
    "loss_params": {
        "pr": 1.0,
        "obj": 1.0,
        "tcr": 0.0,
        "mean": 0.0
    },
    "dataset_path": "/root/autodl-tmp/dataset/3rscan_msg_split",
    "all_splits": [
        "Training",
        "Validation",
        "Test",
        "mini-val"
    ],
    "image_size": [
        960,
        540
    ],
    "model_image_size": [
        224,
        224
    ],
    "num_classes": 18,
    "class_map": {
        "bathtub": 1,
        "bed": 2,
        "bookshelf": 3,
        "cabinet": 4,
        "chair": 5,
        "counter": 6,
        "curtain": 7,
        "desk": 8,
        "door": 9,
        "floor": 10,
        "otherfurniture": 11,
        "picture": 12,
        "refridgerator": 13,
        "shower curtain": 14,
        "sink": 15,
        "sofa": 16,
        "table": 17,
        "toilet": 18,
        "wall": 19,
        "window": 20,
        "background": 0
    },
    "inv_class_map": {
        "1": "bathtub",
        "2": "bed",
        "3": "bookshelf",
        "4": "cabinet",
        "5": "chair",
        "6": "counter",
        "7": "curtain",
        "8": "desk",
        "9": "door",
        "10": "floor",
        "11": "otherfurniture",
        "12": "picture",
        "13": "refridgerator",
        "14": "shower curtain",
        "15": "sink",
        "16": "sofa",
        "17": "table",
        "18": "toilet",
        "19": "wall",
        "20": "window",
        "0": "background"
    },
    "color_dict": {
        "background": [
            0.0,
            0.0,
            0.0
        ],
        "bathtub": [
            1.0,
            0.0,
            0.0
        ],
        "bed": [
            0.0,
            1.0,
            0.0
        ],
        "bookshelf": [
            0.0,
            0.0,
            1.0
        ],
        "cabinet": [
            1.0,
            1.0,
            0.0
        ],
        "chair": [
            1.0,
            0.0,
            1.0
        ],
        "counter": [
            0.0,
            1.0,
            1.0
        ],
        "curtain": [
            0.5,
            0.0,
            1.0
        ],
        "desk": [
            0.5,
            1.0,
            0.0
        ],
        "door": [
            1.0,
            0.5,
            0.0
        ],
        "floor": [
            0.0,
            0.5,
            1.0
        ],
        "otherfurniture": [
            0.5,
            0.0,
            0.5
        ],
        "picture": [
            1.0,
            1.0,
            1.0
        ],
        "refridgerator": [
            0.0,
            0.5,
            0.5
        ],
        "shower curtain": [
            0.5,
            0.5,
            0.0
        ],
        "sink": [
            0.5,
            0.5,
            0.5
        ],
        "sofa": [
            0.2,
            0.8,
            0.2
        ],
        "table": [
            0.2,
            0.2,
            0.8
        ],
        "toilet": [
            0.8,
            0.2,
            0.2
        ],
        "wall": [
            0.8,
            0.8,
            0.2
        ],
        "window": [
            0.2,
            0.8,
            0.8
        ]
    },
    "detector": {
        "model": "gt",
        "num_classes": 18,
        "freeze": true,
        "weights": "DEFAULT",
        "pre_saved": false,
        "result_path": ""
    },
    "obj_embedder": {
        "model": "dinov2-base",
        "weights": "DEFAULT",
        "freeze": true,
        "output_type": "feature"
    },
    "place_embedder": {
        "model": "dinov2-base",
        "weights": "DEFAULT",
        "freeze": true,
        "output_type": "feature"
    },
    "associator": {
        "model": "AoMSG-S-4",
        "object_dim": 768,
        "place_dim": 768,
        "output_dim": 1024
    },
    "pr_loss": "mse",
    "obj_loss": "bce",
    "pos_weight": 10,
    "pp_weight": 1,
    "wandb": false,
    "resume": true,
    "resume_path": "/root/autodl-tmp/MSG/exp-results/3rscan_split/2026-04-16_13-11-13/checkpoints/514-step21600+.pth",
    "eval_output_dir": "./exp-results/eval",
    "eval_chkpt": "/root/autodl-tmp/MSG/exp-results/3rscan_split/2026-04-16_13-11-13/checkpoints/514-step21600+.pth",
    "save_every": false,
    "warmup_epochs": 3,
    "warmup": false,
    "experiment": "aomsg_3rscan_split",
    "run_id": "2026-04-22_22-09-44"
}

2026-04-22 22:09:44 - INFO - Number of videos in the training set: 248
2026-04-22 22:09:45 - INFO - Resume training by Loading model from checkpoint: /root/autodl-tmp/MSG/exp-results/3rscan_split/2026-04-16_13-11-13/checkpoints/514-step21600+.pth
2026-04-22 22:09:46 - INFO - Model and optimizer loaded, total parameter 326196066, trainable 153035106
2026-04-22 22:09:46 - INFO - start training for 10000 epochs
2026-04-22 22:09:52 - INFO - Training on video ['baf67395-8e94-22f8-8100-9c9d7ce1c2b7', 'bcb0fe29-4f39-2c70-9f18-79507a4e9a30', 'c12890dc-d3df-2d0d-87b5-90e9596c3de4', '8eabc453-5af7-2f32-859d-405eb6a2e0d0', '6bde60bc-9162-246f-8e50-ca5054c79322', 'fcf66db4-622d-291c-8720-d0a6bbd17846'], progress 7/248 Epoch 1
